2023-07-27 13:07:222 INFO  HomePage :29 - Mouse hover to Buy and sell[[ChromeDriver: chrome on WINDOWS (9791bf967e7302abf2978a82a9ccf3ae)] -> xpath: //a[normalize-space()='buy + sell']]
2023-07-27 13:07:436 INFO  HomePage :35 - click on search car link[[ChromeDriver: chrome on WINDOWS (9791bf967e7302abf2978a82a9ccf3ae)] -> xpath: //a[normalize-space()='Search Cars']]
2023-07-27 13:07:540 INFO  NewAndUsedCarPage :37 - Select Make dropdown[[ChromeDriver: chrome on WINDOWS (9791bf967e7302abf2978a82a9ccf3ae)] -> xpath: //select[@id='makes']]
2023-07-27 13:07:195 INFO  NewAndUsedCarPage :43 - Select Model dropdown[[ChromeDriver: chrome on WINDOWS (9791bf967e7302abf2978a82a9ccf3ae)] -> xpath: //select[@id='models']]
2023-07-27 13:07:867 INFO  NewAndUsedCarPage :49 - Select location dropdown[[ChromeDriver: chrome on WINDOWS (9791bf967e7302abf2978a82a9ccf3ae)] -> xpath: //select[@id='locations']]
2023-07-27 13:07:130 INFO  NewAndUsedCarPage :55 - Select location dropdown[[ChromeDriver: chrome on WINDOWS (9791bf967e7302abf2978a82a9ccf3ae)] -> xpath: //select[@id='priceTo']]
2023-07-27 13:07:305 INFO  NewAndUsedCarPage :61 - Click On find My Button[[ChromeDriver: chrome on WINDOWS (9791bf967e7302abf2978a82a9ccf3ae)] -> xpath: //input[@id='search-submit']]
2023-07-27 13:07:624 INFO  ResultPage :25 - Verify text result[[ChromeDriver: chrome on WINDOWS (9791bf967e7302abf2978a82a9ccf3ae)] -> xpath: //div[@class='makeFilter']//div[@class='mmvs']]
2023-07-27 13:07:140 INFO  HomePage :29 - Mouse hover to Buy and sell[[ChromeDriver: chrome on WINDOWS (ee08a5469929e02a839da14d85d0b2e3)] -> xpath: //a[normalize-space()='buy + sell']]
2023-07-27 13:07:103 INFO  HomePage :35 - click on search car link[[ChromeDriver: chrome on WINDOWS (ee08a5469929e02a839da14d85d0b2e3)] -> xpath: //a[normalize-space()='Search Cars']]
2023-07-27 13:07:200 INFO  NewAndUsedCarPage :37 - Select Make dropdown[[ChromeDriver: chrome on WINDOWS (ee08a5469929e02a839da14d85d0b2e3)] -> xpath: //select[@id='makes']]
2023-07-27 13:07:740 INFO  NewAndUsedCarPage :43 - Select Model dropdown[[ChromeDriver: chrome on WINDOWS (ee08a5469929e02a839da14d85d0b2e3)] -> xpath: //select[@id='models']]
2023-07-27 13:07:40 INFO  NewAndUsedCarPage :49 - Select location dropdown[[ChromeDriver: chrome on WINDOWS (ee08a5469929e02a839da14d85d0b2e3)] -> xpath: //select[@id='locations']]
2023-07-27 13:07:369 INFO  NewAndUsedCarPage :55 - Select location dropdown[[ChromeDriver: chrome on WINDOWS (ee08a5469929e02a839da14d85d0b2e3)] -> xpath: //select[@id='priceTo']]
2023-07-27 13:07:67 INFO  NewAndUsedCarPage :61 - Click On find My Button[[ChromeDriver: chrome on WINDOWS (ee08a5469929e02a839da14d85d0b2e3)] -> xpath: //input[@id='search-submit']]
2023-07-27 13:07:205 INFO  ResultPage :25 - Verify text result[[ChromeDriver: chrome on WINDOWS (ee08a5469929e02a839da14d85d0b2e3)] -> xpath: //div[@class='makeFilter']//div[@class='mmvs']]
2023-07-27 13:07:566 INFO  HomePage :29 - Mouse hover to Buy and sell[[ChromeDriver: chrome on WINDOWS (4a5ae72a1f355196dc79e1a87cf0b4b8)] -> xpath: //a[normalize-space()='buy + sell']]
2023-07-27 13:07:950 INFO  HomePage :35 - click on search car link[[ChromeDriver: chrome on WINDOWS (4a5ae72a1f355196dc79e1a87cf0b4b8)] -> xpath: //a[normalize-space()='Search Cars']]
2023-07-27 13:07:85 INFO  NewAndUsedCarPage :37 - Select Make dropdown[[ChromeDriver: chrome on WINDOWS (4a5ae72a1f355196dc79e1a87cf0b4b8)] -> xpath: //select[@id='makes']]
2023-07-27 13:07:696 INFO  NewAndUsedCarPage :43 - Select Model dropdown[[ChromeDriver: chrome on WINDOWS (4a5ae72a1f355196dc79e1a87cf0b4b8)] -> xpath: //select[@id='models']]
2023-07-27 13:07:173 INFO  NewAndUsedCarPage :49 - Select location dropdown[[ChromeDriver: chrome on WINDOWS (4a5ae72a1f355196dc79e1a87cf0b4b8)] -> xpath: //select[@id='locations']]
2023-07-27 13:07:505 INFO  NewAndUsedCarPage :55 - Select location dropdown[[ChromeDriver: chrome on WINDOWS (4a5ae72a1f355196dc79e1a87cf0b4b8)] -> xpath: //select[@id='priceTo']]
2023-07-27 13:07:960 INFO  NewAndUsedCarPage :61 - Click On find My Button[[ChromeDriver: chrome on WINDOWS (4a5ae72a1f355196dc79e1a87cf0b4b8)] -> xpath: //input[@id='search-submit']]
2023-07-27 13:07:560 INFO  ResultPage :25 - Verify text result[[ChromeDriver: chrome on WINDOWS (4a5ae72a1f355196dc79e1a87cf0b4b8)] -> xpath: //div[@class='makeFilter']//div[@class='mmvs']]
2023-07-27 13:07:78 INFO  HomePage :29 - Mouse hover to Buy and sell[[ChromeDriver: chrome on WINDOWS (1c3249da087a706919cc6163ce07ea69)] -> xpath: //a[normalize-space()='buy + sell']]
2023-07-27 13:07:610 INFO  HomePage :35 - click on search car link[[ChromeDriver: chrome on WINDOWS (1c3249da087a706919cc6163ce07ea69)] -> xpath: //a[normalize-space()='Search Cars']]
2023-07-27 13:07:190 INFO  NewAndUsedCarPage :37 - Select Make dropdown[[ChromeDriver: chrome on WINDOWS (1c3249da087a706919cc6163ce07ea69)] -> xpath: //select[@id='makes']]
2023-07-27 13:07:637 INFO  NewAndUsedCarPage :43 - Select Model dropdown[[ChromeDriver: chrome on WINDOWS (1c3249da087a706919cc6163ce07ea69)] -> xpath: //select[@id='models']]
2023-07-27 13:07:920 INFO  NewAndUsedCarPage :49 - Select location dropdown[[ChromeDriver: chrome on WINDOWS (1c3249da087a706919cc6163ce07ea69)] -> xpath: //select[@id='locations']]
2023-07-27 13:07:228 INFO  NewAndUsedCarPage :55 - Select location dropdown[[ChromeDriver: chrome on WINDOWS (1c3249da087a706919cc6163ce07ea69)] -> xpath: //select[@id='priceTo']]
2023-07-27 13:07:277 INFO  NewAndUsedCarPage :61 - Click On find My Button[[ChromeDriver: chrome on WINDOWS (1c3249da087a706919cc6163ce07ea69)] -> xpath: //input[@id='search-submit']]
2023-07-27 13:07:721 INFO  ResultPage :25 - Verify text result[[ChromeDriver: chrome on WINDOWS (1c3249da087a706919cc6163ce07ea69)] -> xpath: //div[@class='makeFilter']//div[@class='mmvs']]
2023-07-27 13:07:443 INFO  HomePage :29 - Mouse hover to Buy and sell[[ChromeDriver: chrome on WINDOWS (8538024c2f1e2b6b3fd32d0cd48455d8)] -> xpath: //a[normalize-space()='buy + sell']]
2023-07-27 13:07:179 INFO  HomePage :35 - click on search car link[[ChromeDriver: chrome on WINDOWS (8538024c2f1e2b6b3fd32d0cd48455d8)] -> xpath: //a[normalize-space()='Search Cars']]
2023-07-27 13:07:112 INFO  NewAndUsedCarPage :37 - Select Make dropdown[[ChromeDriver: chrome on WINDOWS (8538024c2f1e2b6b3fd32d0cd48455d8)] -> xpath: //select[@id='makes']]
2023-07-27 13:07:621 INFO  NewAndUsedCarPage :43 - Select Model dropdown[[ChromeDriver: chrome on WINDOWS (8538024c2f1e2b6b3fd32d0cd48455d8)] -> xpath: //select[@id='models']]
2023-07-27 13:07:890 INFO  NewAndUsedCarPage :49 - Select location dropdown[[ChromeDriver: chrome on WINDOWS (8538024c2f1e2b6b3fd32d0cd48455d8)] -> xpath: //select[@id='locations']]
2023-07-27 13:07:139 INFO  NewAndUsedCarPage :55 - Select location dropdown[[ChromeDriver: chrome on WINDOWS (8538024c2f1e2b6b3fd32d0cd48455d8)] -> xpath: //select[@id='priceTo']]
2023-07-27 13:07:42 INFO  NewAndUsedCarPage :61 - Click On find My Button[[ChromeDriver: chrome on WINDOWS (8538024c2f1e2b6b3fd32d0cd48455d8)] -> xpath: //input[@id='search-submit']]
2023-07-27 13:07:254 INFO  ResultPage :25 - Verify text result[[ChromeDriver: chrome on WINDOWS (8538024c2f1e2b6b3fd32d0cd48455d8)] -> css selector: .h1Text.search--title]
2023-07-27 19:07:957 INFO  HomePage :29 - Mouse hover to Buy and sell[[ChromeDriver: chrome on WINDOWS (75dc50163e464b6923a90a42b1e05f7c)] -> xpath: //a[normalize-space()='buy + sell']]
2023-07-27 19:07:701 INFO  HomePage :35 - click on search car link[[ChromeDriver: chrome on WINDOWS (75dc50163e464b6923a90a42b1e05f7c)] -> xpath: //a[normalize-space()='Search Cars']]
2023-07-27 19:07:440 INFO  NewAndUsedCarPage :37 - Select Make dropdown[[ChromeDriver: chrome on WINDOWS (75dc50163e464b6923a90a42b1e05f7c)] -> xpath: //select[@id='makes']]
2023-07-27 19:07:176 INFO  NewAndUsedCarPage :43 - Select Model dropdown[[ChromeDriver: chrome on WINDOWS (75dc50163e464b6923a90a42b1e05f7c)] -> xpath: //select[@id='models']]
2023-07-27 19:07:432 INFO  NewAndUsedCarPage :49 - Select location dropdown[[ChromeDriver: chrome on WINDOWS (75dc50163e464b6923a90a42b1e05f7c)] -> xpath: //select[@id='locations']]
2023-07-27 19:07:642 INFO  NewAndUsedCarPage :55 - Select location dropdown[[ChromeDriver: chrome on WINDOWS (75dc50163e464b6923a90a42b1e05f7c)] -> xpath: //select[@id='priceTo']]
2023-07-27 19:07:457 INFO  NewAndUsedCarPage :61 - Click On find My Button[[ChromeDriver: chrome on WINDOWS (75dc50163e464b6923a90a42b1e05f7c)] -> xpath: //input[@id='search-submit']]
2023-07-27 19:07:510 INFO  ResultPage :25 - Verify text result[[ChromeDriver: chrome on WINDOWS (75dc50163e464b6923a90a42b1e05f7c)] -> css selector: .h1Text.search--title]
2023-07-27 19:07:833 INFO  HomePage :29 - Mouse hover to Buy and sell[[ChromeDriver: chrome on WINDOWS (bc5d209812994dbb0288bcfe83c34726)] -> xpath: //a[normalize-space()='buy + sell']]
2023-07-27 19:07:564 INFO  HomePage :35 - click on search car link[[ChromeDriver: chrome on WINDOWS (bc5d209812994dbb0288bcfe83c34726)] -> xpath: //a[normalize-space()='Search Cars']]
2023-07-27 19:07:787 INFO  NewAndUsedCarPage :37 - Select Make dropdown[[ChromeDriver: chrome on WINDOWS (bc5d209812994dbb0288bcfe83c34726)] -> xpath: //select[@id='makes']]
2023-07-27 19:07:112 INFO  NewAndUsedCarPage :43 - Select Model dropdown[[ChromeDriver: chrome on WINDOWS (bc5d209812994dbb0288bcfe83c34726)] -> xpath: //select[@id='models']]
2023-07-27 19:07:325 INFO  NewAndUsedCarPage :49 - Select location dropdown[[ChromeDriver: chrome on WINDOWS (bc5d209812994dbb0288bcfe83c34726)] -> xpath: //select[@id='locations']]
2023-07-27 19:07:501 INFO  NewAndUsedCarPage :55 - Select location dropdown[[ChromeDriver: chrome on WINDOWS (bc5d209812994dbb0288bcfe83c34726)] -> xpath: //select[@id='priceTo']]
2023-07-27 19:07:360 INFO  NewAndUsedCarPage :61 - Click On find My Button[[ChromeDriver: chrome on WINDOWS (bc5d209812994dbb0288bcfe83c34726)] -> xpath: //input[@id='search-submit']]
2023-07-27 19:07:458 INFO  ResultPage :26 - Verify text result[[ChromeDriver: chrome on WINDOWS (bc5d209812994dbb0288bcfe83c34726)] -> xpath: //div[@class='makeFilter']//div[@class='mmvs']]
2023-07-27 19:07:214 INFO  HomePage :29 - Mouse hover to Buy and sell[[ChromeDriver: chrome on WINDOWS (60dd120c48c150314fbc2201bc473fb6)] -> xpath: //a[normalize-space()='buy + sell']]
2023-07-27 19:07:439 INFO  HomePage :35 - click on search car link[[ChromeDriver: chrome on WINDOWS (60dd120c48c150314fbc2201bc473fb6)] -> xpath: //a[normalize-space()='Search Cars']]
2023-07-27 19:07:229 INFO  NewAndUsedCarPage :37 - Select Make dropdown[[ChromeDriver: chrome on WINDOWS (60dd120c48c150314fbc2201bc473fb6)] -> xpath: //select[@id='makes']]
2023-07-27 19:07:451 INFO  NewAndUsedCarPage :43 - Select Model dropdown[[ChromeDriver: chrome on WINDOWS (60dd120c48c150314fbc2201bc473fb6)] -> xpath: //select[@id='models']]
2023-07-27 19:07:644 INFO  NewAndUsedCarPage :49 - Select location dropdown[[ChromeDriver: chrome on WINDOWS (60dd120c48c150314fbc2201bc473fb6)] -> xpath: //select[@id='locations']]
2023-07-27 19:07:822 INFO  NewAndUsedCarPage :55 - Select location dropdown[[ChromeDriver: chrome on WINDOWS (60dd120c48c150314fbc2201bc473fb6)] -> xpath: //select[@id='priceTo']]
2023-07-27 19:07:604 INFO  NewAndUsedCarPage :61 - Click On find My Button[[ChromeDriver: chrome on WINDOWS (60dd120c48c150314fbc2201bc473fb6)] -> xpath: //input[@id='search-submit']]
2023-07-27 19:07:724 INFO  ResultPage :26 - Verify text result[[ChromeDriver: chrome on WINDOWS (60dd120c48c150314fbc2201bc473fb6)] -> xpath: //div[@class='makeFilter']//div[@class='mmvs']]
2023-07-27 19:07:882 INFO  HomePage :29 - Mouse hover to Buy and sell[[ChromeDriver: chrome on WINDOWS (f0fe2cdda7174c5385cb8ed54ae70735)] -> xpath: //a[normalize-space()='buy + sell']]
2023-07-27 19:07:86 INFO  HomePage :35 - click on search car link[[ChromeDriver: chrome on WINDOWS (f0fe2cdda7174c5385cb8ed54ae70735)] -> xpath: //a[normalize-space()='Search Cars']]
2023-07-27 19:07:738 INFO  NewAndUsedCarPage :37 - Select Make dropdown[[ChromeDriver: chrome on WINDOWS (f0fe2cdda7174c5385cb8ed54ae70735)] -> xpath: //select[@id='makes']]
2023-07-27 19:07:465 INFO  NewAndUsedCarPage :43 - Select Model dropdown[[ChromeDriver: chrome on WINDOWS (f0fe2cdda7174c5385cb8ed54ae70735)] -> xpath: //select[@id='models']]
2023-07-27 19:07:752 INFO  NewAndUsedCarPage :49 - Select location dropdown[[ChromeDriver: chrome on WINDOWS (f0fe2cdda7174c5385cb8ed54ae70735)] -> xpath: //select[@id='locations']]
2023-07-27 19:07:996 INFO  NewAndUsedCarPage :55 - Select location dropdown[[ChromeDriver: chrome on WINDOWS (f0fe2cdda7174c5385cb8ed54ae70735)] -> xpath: //select[@id='priceTo']]
2023-07-27 19:07:342 INFO  NewAndUsedCarPage :61 - Click On find My Button[[ChromeDriver: chrome on WINDOWS (f0fe2cdda7174c5385cb8ed54ae70735)] -> xpath: //input[@id='search-submit']]
2023-07-27 19:07:436 INFO  ResultPage :26 - Verify text result[[ChromeDriver: chrome on WINDOWS (f0fe2cdda7174c5385cb8ed54ae70735)] -> xpath: //div[@class='makeFilter']//div[@class='mmvs']]
2023-07-27 19:07:49 INFO  HomePage :29 - Mouse hover to Buy and sell[[ChromeDriver: chrome on WINDOWS (7e2e1107e1e19f642db71c16eac4bc65)] -> xpath: //a[normalize-space()='buy + sell']]
2023-07-27 19:07:393 INFO  HomePage :35 - click on search car link[[ChromeDriver: chrome on WINDOWS (7e2e1107e1e19f642db71c16eac4bc65)] -> xpath: //a[normalize-space()='Search Cars']]
2023-07-27 19:07:74 INFO  NewAndUsedCarPage :37 - Select Make dropdown[[ChromeDriver: chrome on WINDOWS (7e2e1107e1e19f642db71c16eac4bc65)] -> xpath: //select[@id='makes']]
2023-07-27 19:07:298 INFO  NewAndUsedCarPage :43 - Select Model dropdown[[ChromeDriver: chrome on WINDOWS (7e2e1107e1e19f642db71c16eac4bc65)] -> xpath: //select[@id='models']]
2023-07-27 19:07:440 INFO  NewAndUsedCarPage :49 - Select location dropdown[[ChromeDriver: chrome on WINDOWS (7e2e1107e1e19f642db71c16eac4bc65)] -> xpath: //select[@id='locations']]
2023-07-27 19:07:575 INFO  NewAndUsedCarPage :55 - Select location dropdown[[ChromeDriver: chrome on WINDOWS (7e2e1107e1e19f642db71c16eac4bc65)] -> xpath: //select[@id='priceTo']]
2023-07-27 19:07:606 INFO  NewAndUsedCarPage :61 - Click On find My Button[[ChromeDriver: chrome on WINDOWS (7e2e1107e1e19f642db71c16eac4bc65)] -> xpath: //input[@id='search-submit']]
2023-07-27 19:07:26 INFO  ResultPage :26 - Verify text result[[ChromeDriver: chrome on WINDOWS (7e2e1107e1e19f642db71c16eac4bc65)] -> xpath: //div[@class='makeFilter']//div[@class='mmvs']]
2023-07-27 19:07:231 INFO  HomePage :29 - Mouse hover to Buy and sell[[ChromeDriver: chrome on WINDOWS (86fbb06061a96e771021622167724385)] -> xpath: //a[normalize-space()='buy + sell']]
2023-07-27 19:07:729 INFO  HomePage :35 - click on search car link[[ChromeDriver: chrome on WINDOWS (86fbb06061a96e771021622167724385)] -> xpath: //a[normalize-space()='Search Cars']]
2023-07-27 19:07:119 INFO  NewAndUsedCarPage :37 - Select Make dropdown[[ChromeDriver: chrome on WINDOWS (86fbb06061a96e771021622167724385)] -> xpath: //select[@id='makes']]
2023-07-27 19:07:389 INFO  NewAndUsedCarPage :43 - Select Model dropdown[[ChromeDriver: chrome on WINDOWS (86fbb06061a96e771021622167724385)] -> xpath: //select[@id='models']]
2023-07-27 19:07:584 INFO  NewAndUsedCarPage :49 - Select location dropdown[[ChromeDriver: chrome on WINDOWS (86fbb06061a96e771021622167724385)] -> xpath: //select[@id='locations']]
2023-07-27 19:07:737 INFO  NewAndUsedCarPage :55 - Select location dropdown[[ChromeDriver: chrome on WINDOWS (86fbb06061a96e771021622167724385)] -> xpath: //select[@id='priceTo']]
2023-07-27 19:07:525 INFO  NewAndUsedCarPage :61 - Click On find My Button[[ChromeDriver: chrome on WINDOWS (86fbb06061a96e771021622167724385)] -> xpath: //input[@id='search-submit']]
2023-07-27 19:07:585 INFO  ResultPage :26 - Verify text result[[ChromeDriver: chrome on WINDOWS (86fbb06061a96e771021622167724385)] -> xpath: //div[@class='makeFilter']//div[@class='mmvs']]
2023-07-27 19:07:247 INFO  HomePage :29 - Mouse hover to Buy and sell[[ChromeDriver: chrome on WINDOWS (aded9431682810cef61b096e85c4d639)] -> xpath: //a[normalize-space()='buy + sell']]
2023-07-27 19:07:848 INFO  HomePage :35 - click on search car link[[ChromeDriver: chrome on WINDOWS (aded9431682810cef61b096e85c4d639)] -> xpath: //a[normalize-space()='Search Cars']]
2023-07-27 19:07:563 INFO  NewAndUsedCarPage :37 - Select Make dropdown[[ChromeDriver: chrome on WINDOWS (aded9431682810cef61b096e85c4d639)] -> xpath: //select[@id='makes']]
2023-07-27 19:07:216 INFO  NewAndUsedCarPage :43 - Select Model dropdown[[ChromeDriver: chrome on WINDOWS (aded9431682810cef61b096e85c4d639)] -> xpath: //select[@id='models']]
2023-07-27 19:07:353 INFO  NewAndUsedCarPage :49 - Select location dropdown[[ChromeDriver: chrome on WINDOWS (aded9431682810cef61b096e85c4d639)] -> xpath: //select[@id='locations']]
2023-07-27 19:07:480 INFO  NewAndUsedCarPage :55 - Select location dropdown[[ChromeDriver: chrome on WINDOWS (aded9431682810cef61b096e85c4d639)] -> xpath: //select[@id='priceTo']]
2023-07-27 19:07:794 INFO  NewAndUsedCarPage :61 - Click On find My Button[[ChromeDriver: chrome on WINDOWS (aded9431682810cef61b096e85c4d639)] -> xpath: //input[@id='search-submit']]
2023-07-27 19:07:886 INFO  ResultPage :26 - Verify text result[[ChromeDriver: chrome on WINDOWS (aded9431682810cef61b096e85c4d639)] -> xpath: //div[@class='makeFilter']//div[@class='mmvs']]
2023-07-27 19:07:991 INFO  HomePage :29 - Mouse hover to Buy and sell[[ChromeDriver: chrome on WINDOWS (6c0dc13733ad8183357f8d5149d11e2a)] -> xpath: //a[normalize-space()='buy + sell']]
2023-07-27 19:07:923 INFO  HomePage :35 - click on search car link[[ChromeDriver: chrome on WINDOWS (6c0dc13733ad8183357f8d5149d11e2a)] -> xpath: //a[normalize-space()='Search Cars']]
2023-07-27 19:07:515 INFO  NewAndUsedCarPage :37 - Select Make dropdown[[ChromeDriver: chrome on WINDOWS (6c0dc13733ad8183357f8d5149d11e2a)] -> xpath: //select[@id='makes']]
2023-07-27 19:07:883 INFO  NewAndUsedCarPage :43 - Select Model dropdown[[ChromeDriver: chrome on WINDOWS (6c0dc13733ad8183357f8d5149d11e2a)] -> xpath: //select[@id='models']]
2023-07-27 19:07:47 INFO  NewAndUsedCarPage :49 - Select location dropdown[[ChromeDriver: chrome on WINDOWS (6c0dc13733ad8183357f8d5149d11e2a)] -> xpath: //select[@id='locations']]
2023-07-27 19:07:164 INFO  NewAndUsedCarPage :55 - Select location dropdown[[ChromeDriver: chrome on WINDOWS (6c0dc13733ad8183357f8d5149d11e2a)] -> xpath: //select[@id='priceTo']]
2023-07-27 19:07:464 INFO  NewAndUsedCarPage :61 - Click On find My Button[[ChromeDriver: chrome on WINDOWS (6c0dc13733ad8183357f8d5149d11e2a)] -> xpath: //input[@id='search-submit']]
2023-07-27 19:07:534 INFO  ResultPage :26 - Verify text result[[ChromeDriver: chrome on WINDOWS (6c0dc13733ad8183357f8d5149d11e2a)] -> xpath: //div[@class='makeFilter']//div[@class='mmvs']]
2023-07-27 19:07:988 INFO  HomePage :32 - Mouse hover to Buy and sell[[ChromeDriver: chrome on WINDOWS (11c6b1695eb3dd628acabe2875c75259)] -> xpath: //a[normalize-space()='buy + sell']]
2023-07-27 19:07:714 INFO  HomePage :44 - click on used link[[ChromeDriver: chrome on WINDOWS (11c6b1695eb3dd628acabe2875c75259)] -> xpath: //a[normalize-space()='Used']]
2023-07-27 19:07:184 INFO  HomePage :32 - Mouse hover to Buy and sell[[ChromeDriver: chrome on WINDOWS (50b3465f01f410964d689da6ac1d036e)] -> xpath: //a[normalize-space()='buy + sell']]
2023-07-27 19:07:671 INFO  HomePage :44 - click on used link[[ChromeDriver: chrome on WINDOWS (50b3465f01f410964d689da6ac1d036e)] -> xpath: //a[normalize-space()='Used']]
2023-07-27 19:07:414 INFO  NewAndUsedCarPage :37 - Select Make dropdown[[ChromeDriver: chrome on WINDOWS (50b3465f01f410964d689da6ac1d036e)] -> xpath: //select[@id='makes']]
2023-07-27 19:07:817 INFO  NewAndUsedCarPage :43 - Select Model dropdown[[ChromeDriver: chrome on WINDOWS (50b3465f01f410964d689da6ac1d036e)] -> xpath: //select[@id='models']]
2023-07-27 19:07:60 INFO  NewAndUsedCarPage :49 - Select location dropdown[[ChromeDriver: chrome on WINDOWS (50b3465f01f410964d689da6ac1d036e)] -> xpath: //select[@id='locations']]
2023-07-27 19:07:301 INFO  NewAndUsedCarPage :55 - Select location dropdown[[ChromeDriver: chrome on WINDOWS (50b3465f01f410964d689da6ac1d036e)] -> xpath: //select[@id='priceTo']]
2023-07-27 19:07:890 INFO  NewAndUsedCarPage :61 - Click On find My Button[[ChromeDriver: chrome on WINDOWS (50b3465f01f410964d689da6ac1d036e)] -> xpath: //input[@id='search-submit']]
2023-07-27 19:07:942 INFO  ResultPage :26 - Verify text result[[ChromeDriver: chrome on WINDOWS (50b3465f01f410964d689da6ac1d036e)] -> xpath: //div[@class='makeFilter']//div[@class='mmvs']]
2023-07-27 19:07:311 INFO  HomePage :32 - Mouse hover to Buy and sell[[ChromeDriver: chrome on WINDOWS (d20bb9668a101120815a10107b30bdbf)] -> xpath: //a[normalize-space()='buy + sell']]
2023-07-27 19:07:982 INFO  HomePage :44 - click on used link[[ChromeDriver: chrome on WINDOWS (d20bb9668a101120815a10107b30bdbf)] -> xpath: //a[normalize-space()='Used']]
2023-07-27 19:07:737 INFO  NewAndUsedCarPage :37 - Select Make dropdown[[ChromeDriver: chrome on WINDOWS (d20bb9668a101120815a10107b30bdbf)] -> xpath: //select[@id='makes']]
2023-07-27 19:07:920 INFO  NewAndUsedCarPage :43 - Select Model dropdown[[ChromeDriver: chrome on WINDOWS (d20bb9668a101120815a10107b30bdbf)] -> xpath: //select[@id='models']]
2023-07-27 19:07:64 INFO  NewAndUsedCarPage :49 - Select location dropdown[[ChromeDriver: chrome on WINDOWS (d20bb9668a101120815a10107b30bdbf)] -> xpath: //select[@id='locations']]
2023-07-27 19:07:217 INFO  NewAndUsedCarPage :55 - Select location dropdown[[ChromeDriver: chrome on WINDOWS (d20bb9668a101120815a10107b30bdbf)] -> xpath: //select[@id='priceTo']]
2023-07-27 19:07:944 INFO  NewAndUsedCarPage :61 - Click On find My Button[[ChromeDriver: chrome on WINDOWS (d20bb9668a101120815a10107b30bdbf)] -> xpath: //input[@id='search-submit']]
2023-07-27 19:07:30 INFO  ResultPage :26 - Verify text result[[ChromeDriver: chrome on WINDOWS (d20bb9668a101120815a10107b30bdbf)] -> xpath: //div[@class='makeFilter']//div[@class='mmvs']]
2023-07-27 19:07:470 INFO  HomePage :32 - Mouse hover to Buy and sell[[ChromeDriver: chrome on WINDOWS (f4e7fb80e40a1869cf3a2dc86f03b566)] -> xpath: //a[normalize-space()='buy + sell']]
2023-07-27 19:07:824 INFO  HomePage :44 - click on used link[[ChromeDriver: chrome on WINDOWS (f4e7fb80e40a1869cf3a2dc86f03b566)] -> xpath: //a[normalize-space()='Used']]
2023-07-27 19:07:466 INFO  NewAndUsedCarPage :37 - Select Make dropdown[[ChromeDriver: chrome on WINDOWS (f4e7fb80e40a1869cf3a2dc86f03b566)] -> xpath: //select[@id='makes']]
2023-07-27 19:07:671 INFO  NewAndUsedCarPage :43 - Select Model dropdown[[ChromeDriver: chrome on WINDOWS (f4e7fb80e40a1869cf3a2dc86f03b566)] -> xpath: //select[@id='models']]
2023-07-27 19:07:842 INFO  NewAndUsedCarPage :49 - Select location dropdown[[ChromeDriver: chrome on WINDOWS (f4e7fb80e40a1869cf3a2dc86f03b566)] -> xpath: //select[@id='locations']]
2023-07-27 19:07:990 INFO  NewAndUsedCarPage :55 - Select location dropdown[[ChromeDriver: chrome on WINDOWS (f4e7fb80e40a1869cf3a2dc86f03b566)] -> xpath: //select[@id='priceTo']]
2023-07-27 19:07:914 INFO  NewAndUsedCarPage :61 - Click On find My Button[[ChromeDriver: chrome on WINDOWS (f4e7fb80e40a1869cf3a2dc86f03b566)] -> xpath: //input[@id='search-submit']]
2023-07-27 19:07:970 INFO  ResultPage :26 - Verify text result[[ChromeDriver: chrome on WINDOWS (f4e7fb80e40a1869cf3a2dc86f03b566)] -> xpath: //div[@class='makeFilter']//div[@class='mmvs']]
2023-07-27 19:07:898 INFO  HomePage :32 - Mouse hover to Buy and sell[[ChromeDriver: chrome on WINDOWS (cf45946f1ec82d924cd468bbfb841e3f)] -> xpath: //a[normalize-space()='buy + sell']]
2023-07-27 19:07:794 INFO  HomePage :44 - click on used link[[ChromeDriver: chrome on WINDOWS (cf45946f1ec82d924cd468bbfb841e3f)] -> xpath: //a[normalize-space()='Used']]
2023-07-27 19:07:503 INFO  NewAndUsedCarPage :37 - Select Make dropdown[[ChromeDriver: chrome on WINDOWS (cf45946f1ec82d924cd468bbfb841e3f)] -> xpath: //select[@id='makes']]
2023-07-27 19:07:784 INFO  NewAndUsedCarPage :43 - Select Model dropdown[[ChromeDriver: chrome on WINDOWS (cf45946f1ec82d924cd468bbfb841e3f)] -> xpath: //select[@id='models']]
2023-07-27 19:07:944 INFO  NewAndUsedCarPage :49 - Select location dropdown[[ChromeDriver: chrome on WINDOWS (cf45946f1ec82d924cd468bbfb841e3f)] -> xpath: //select[@id='locations']]
2023-07-27 19:07:127 INFO  NewAndUsedCarPage :55 - Select location dropdown[[ChromeDriver: chrome on WINDOWS (cf45946f1ec82d924cd468bbfb841e3f)] -> xpath: //select[@id='priceTo']]
2023-07-27 19:07:251 INFO  NewAndUsedCarPage :61 - Click On find My Button[[ChromeDriver: chrome on WINDOWS (cf45946f1ec82d924cd468bbfb841e3f)] -> xpath: //input[@id='search-submit']]
2023-07-27 19:07:376 INFO  ResultPage :26 - Verify text result[[ChromeDriver: chrome on WINDOWS (cf45946f1ec82d924cd468bbfb841e3f)] -> xpath: //div[@class='makeFilter']//div[@class='mmvs']]
2023-07-27 19:07:666 INFO  HomePage :32 - Mouse hover to Buy and sell[[ChromeDriver: chrome on WINDOWS (4d6189c0902c675ed47857cd3296b194)] -> xpath: //a[normalize-space()='buy + sell']]
2023-07-27 19:07:882 INFO  HomePage :44 - click on used link[[ChromeDriver: chrome on WINDOWS (4d6189c0902c675ed47857cd3296b194)] -> xpath: //a[normalize-space()='Used']]
2023-07-27 19:07:520 INFO  NewAndUsedCarPage :37 - Select Make dropdown[[ChromeDriver: chrome on WINDOWS (4d6189c0902c675ed47857cd3296b194)] -> xpath: //select[@id='makes']]
2023-07-27 19:07:135 INFO  NewAndUsedCarPage :43 - Select Model dropdown[[ChromeDriver: chrome on WINDOWS (4d6189c0902c675ed47857cd3296b194)] -> xpath: //select[@id='models']]
2023-07-27 19:07:308 INFO  NewAndUsedCarPage :49 - Select location dropdown[[ChromeDriver: chrome on WINDOWS (4d6189c0902c675ed47857cd3296b194)] -> xpath: //select[@id='locations']]
2023-07-27 19:07:454 INFO  NewAndUsedCarPage :55 - Select location dropdown[[ChromeDriver: chrome on WINDOWS (4d6189c0902c675ed47857cd3296b194)] -> xpath: //select[@id='priceTo']]
2023-07-27 19:07:983 INFO  NewAndUsedCarPage :61 - Click On find My Button[[ChromeDriver: chrome on WINDOWS (4d6189c0902c675ed47857cd3296b194)] -> xpath: //input[@id='search-submit']]
2023-07-27 19:07:96 INFO  ResultPage :26 - Verify text result[[ChromeDriver: chrome on WINDOWS (4d6189c0902c675ed47857cd3296b194)] -> xpath: //div[@class='makeFilter']//div[@class='mmvs']]
2023-07-27 20:07:798 INFO  HomePage :35 - Mouse hover to Buy and sell[[ChromeDriver: chrome on WINDOWS (aa4575bfbc5a469448f3280d66966348)] -> xpath: //a[normalize-space()='buy + sell']]
2023-07-27 20:07:97 INFO  HomePage :53 - click on find dealers link[[ChromeDriver: chrome on WINDOWS (aa4575bfbc5a469448f3280d66966348)] -> xpath: //a[normalize-space()='Find a Dealer']]
2023-07-27 20:07:41 INFO  FindDealerPage :32 - Verify text dealers name[[ChromeDriver: chrome on WINDOWS (aa4575bfbc5a469448f3280d66966348)] -> xpath: //p[@class='dealerBanner--dealershipName']]
2023-07-27 20:07:621 INFO  HomePage :35 - Mouse hover to Buy and sell[[ChromeDriver: chrome on WINDOWS (1e786a28e5f9019e63e57de6214e79ea)] -> xpath: //a[normalize-space()='buy + sell']]
2023-07-27 20:07:515 INFO  HomePage :53 - click on find dealers link[[ChromeDriver: chrome on WINDOWS (1e786a28e5f9019e63e57de6214e79ea)] -> xpath: //a[normalize-space()='Find a Dealer']]
2023-07-27 20:07:204 INFO  FindDealerPage :32 - Verify text dealers name[[ChromeDriver: chrome on WINDOWS (1e786a28e5f9019e63e57de6214e79ea)] -> xpath: //p[@class='dealerBanner--dealershipName']]
2023-07-27 20:07:621 INFO  HomePage :35 - Mouse hover to Buy and sell[[ChromeDriver: chrome on WINDOWS (89c79f92564a4806b416d27042eac364)] -> xpath: //a[normalize-space()='buy + sell']]
2023-07-27 20:07:351 INFO  HomePage :53 - click on find dealers link[[ChromeDriver: chrome on WINDOWS (89c79f92564a4806b416d27042eac364)] -> xpath: //a[normalize-space()='Find a Dealer']]
2023-07-27 20:07:156 INFO  FindDealerPage :32 - Verify text dealers name[[ChromeDriver: chrome on WINDOWS (89c79f92564a4806b416d27042eac364)] -> xpath: //p[@class='dealerBanner--dealershipName']]
2023-07-27 20:07:457 INFO  HomePage :35 - Mouse hover to Buy and sell[[ChromeDriver: chrome on WINDOWS (5c37f854fba50e0b93b32bbd045196cb)] -> xpath: //a[normalize-space()='buy + sell']]
2023-07-27 20:07:264 INFO  HomePage :53 - click on find dealers link[[ChromeDriver: chrome on WINDOWS (5c37f854fba50e0b93b32bbd045196cb)] -> xpath: //a[normalize-space()='Find a Dealer']]
2023-07-27 20:07:570 INFO  FindDealerPage :32 - Verify text dealers name[[ChromeDriver: chrome on WINDOWS (5c37f854fba50e0b93b32bbd045196cb)] -> xpath: //p[@class='dealerBanner--dealershipName']]
2023-07-27 20:07:972 INFO  HomePage :35 - Mouse hover to Buy and sell[[ChromeDriver: chrome on WINDOWS (c0b1d87ac1a202fdd64adc5737fd793d)] -> xpath: //a[normalize-space()='buy + sell']]
2023-07-27 20:07:906 INFO  HomePage :41 - click on search car link[[ChromeDriver: chrome on WINDOWS (c0b1d87ac1a202fdd64adc5737fd793d)] -> xpath: //a[normalize-space()='Search Cars']]
2023-07-27 20:07:993 INFO  NewAndUsedCarPage :37 - Select Make dropdown[[ChromeDriver: chrome on WINDOWS (c0b1d87ac1a202fdd64adc5737fd793d)] -> xpath: //select[@id='makes']]
2023-07-27 20:07:222 INFO  NewAndUsedCarPage :43 - Select Model dropdown[[ChromeDriver: chrome on WINDOWS (c0b1d87ac1a202fdd64adc5737fd793d)] -> xpath: //select[@id='models']]
2023-07-27 20:07:440 INFO  NewAndUsedCarPage :49 - Select location dropdown[[ChromeDriver: chrome on WINDOWS (c0b1d87ac1a202fdd64adc5737fd793d)] -> xpath: //select[@id='locations']]
2023-07-27 20:07:614 INFO  NewAndUsedCarPage :55 - Select location dropdown[[ChromeDriver: chrome on WINDOWS (c0b1d87ac1a202fdd64adc5737fd793d)] -> xpath: //select[@id='priceTo']]
2023-07-27 20:07:517 INFO  NewAndUsedCarPage :61 - Click On find My Button[[ChromeDriver: chrome on WINDOWS (c0b1d87ac1a202fdd64adc5737fd793d)] -> xpath: //input[@id='search-submit']]
2023-07-27 20:07:606 INFO  ResultPage :26 - Verify text result[[ChromeDriver: chrome on WINDOWS (c0b1d87ac1a202fdd64adc5737fd793d)] -> xpath: //div[@class='makeFilter']//div[@class='mmvs']]
2023-07-27 20:07:165 INFO  HomePage :35 - Mouse hover to Buy and sell[[ChromeDriver: chrome on WINDOWS (6709b6516dc869938e08748654fd5d0c)] -> xpath: //a[normalize-space()='buy + sell']]
2023-07-27 20:07:314 INFO  HomePage :41 - click on search car link[[ChromeDriver: chrome on WINDOWS (6709b6516dc869938e08748654fd5d0c)] -> xpath: //a[normalize-space()='Search Cars']]
2023-07-27 20:07:955 INFO  NewAndUsedCarPage :37 - Select Make dropdown[[ChromeDriver: chrome on WINDOWS (6709b6516dc869938e08748654fd5d0c)] -> xpath: //select[@id='makes']]
2023-07-27 20:07:105 INFO  NewAndUsedCarPage :43 - Select Model dropdown[[ChromeDriver: chrome on WINDOWS (6709b6516dc869938e08748654fd5d0c)] -> xpath: //select[@id='models']]
2023-07-27 20:07:341 INFO  NewAndUsedCarPage :49 - Select location dropdown[[ChromeDriver: chrome on WINDOWS (6709b6516dc869938e08748654fd5d0c)] -> xpath: //select[@id='locations']]
2023-07-27 20:07:509 INFO  NewAndUsedCarPage :55 - Select location dropdown[[ChromeDriver: chrome on WINDOWS (6709b6516dc869938e08748654fd5d0c)] -> xpath: //select[@id='priceTo']]
2023-07-27 20:07:659 INFO  NewAndUsedCarPage :61 - Click On find My Button[[ChromeDriver: chrome on WINDOWS (6709b6516dc869938e08748654fd5d0c)] -> xpath: //input[@id='search-submit']]
2023-07-27 20:07:809 INFO  ResultPage :26 - Verify text result[[ChromeDriver: chrome on WINDOWS (6709b6516dc869938e08748654fd5d0c)] -> xpath: //div[@class='makeFilter']//div[@class='mmvs']]
2023-07-27 20:07:869 INFO  HomePage :35 - Mouse hover to Buy and sell[[ChromeDriver: chrome on WINDOWS (9743bf88cb4c16638dd2a3eed51b37d5)] -> xpath: //a[normalize-space()='buy + sell']]
2023-07-27 20:07:185 INFO  HomePage :41 - click on search car link[[ChromeDriver: chrome on WINDOWS (9743bf88cb4c16638dd2a3eed51b37d5)] -> xpath: //a[normalize-space()='Search Cars']]
2023-07-27 20:07:838 INFO  NewAndUsedCarPage :37 - Select Make dropdown[[ChromeDriver: chrome on WINDOWS (9743bf88cb4c16638dd2a3eed51b37d5)] -> xpath: //select[@id='makes']]
2023-07-27 20:07:198 INFO  NewAndUsedCarPage :43 - Select Model dropdown[[ChromeDriver: chrome on WINDOWS (9743bf88cb4c16638dd2a3eed51b37d5)] -> xpath: //select[@id='models']]
2023-07-27 20:07:341 INFO  NewAndUsedCarPage :49 - Select location dropdown[[ChromeDriver: chrome on WINDOWS (9743bf88cb4c16638dd2a3eed51b37d5)] -> xpath: //select[@id='locations']]
2023-07-27 20:07:475 INFO  NewAndUsedCarPage :55 - Select location dropdown[[ChromeDriver: chrome on WINDOWS (9743bf88cb4c16638dd2a3eed51b37d5)] -> xpath: //select[@id='priceTo']]
2023-07-27 20:07:991 INFO  NewAndUsedCarPage :61 - Click On find My Button[[ChromeDriver: chrome on WINDOWS (9743bf88cb4c16638dd2a3eed51b37d5)] -> xpath: //input[@id='search-submit']]
2023-07-27 20:07:83 INFO  ResultPage :26 - Verify text result[[ChromeDriver: chrome on WINDOWS (9743bf88cb4c16638dd2a3eed51b37d5)] -> xpath: //div[@class='makeFilter']//div[@class='mmvs']]
2023-07-27 20:07:115 INFO  HomePage :35 - Mouse hover to Buy and sell[[ChromeDriver: chrome on WINDOWS (b8052c564a4cdb1fc442db7fb0df2cc1)] -> xpath: //a[normalize-space()='buy + sell']]
2023-07-27 20:07:687 INFO  HomePage :41 - click on search car link[[ChromeDriver: chrome on WINDOWS (b8052c564a4cdb1fc442db7fb0df2cc1)] -> xpath: //a[normalize-space()='Search Cars']]
2023-07-27 20:07:357 INFO  NewAndUsedCarPage :37 - Select Make dropdown[[ChromeDriver: chrome on WINDOWS (b8052c564a4cdb1fc442db7fb0df2cc1)] -> xpath: //select[@id='makes']]
2023-07-27 20:07:956 INFO  NewAndUsedCarPage :43 - Select Model dropdown[[ChromeDriver: chrome on WINDOWS (b8052c564a4cdb1fc442db7fb0df2cc1)] -> xpath: //select[@id='models']]
2023-07-27 20:07:147 INFO  NewAndUsedCarPage :49 - Select location dropdown[[ChromeDriver: chrome on WINDOWS (b8052c564a4cdb1fc442db7fb0df2cc1)] -> xpath: //select[@id='locations']]
2023-07-27 20:07:305 INFO  NewAndUsedCarPage :55 - Select location dropdown[[ChromeDriver: chrome on WINDOWS (b8052c564a4cdb1fc442db7fb0df2cc1)] -> xpath: //select[@id='priceTo']]
2023-07-27 20:07:246 INFO  NewAndUsedCarPage :61 - Click On find My Button[[ChromeDriver: chrome on WINDOWS (b8052c564a4cdb1fc442db7fb0df2cc1)] -> xpath: //input[@id='search-submit']]
2023-07-27 20:07:337 INFO  ResultPage :26 - Verify text result[[ChromeDriver: chrome on WINDOWS (b8052c564a4cdb1fc442db7fb0df2cc1)] -> xpath: //div[@class='makeFilter']//div[@class='mmvs']]
2023-07-27 20:07:476 INFO  HomePage :35 - Mouse hover to Buy and sell[[ChromeDriver: chrome on WINDOWS (7947fb618c82af01f02dd7c2f16a9456)] -> xpath: //a[normalize-space()='buy + sell']]
2023-07-27 20:07:498 INFO  HomePage :41 - click on search car link[[ChromeDriver: chrome on WINDOWS (7947fb618c82af01f02dd7c2f16a9456)] -> xpath: //a[normalize-space()='Search Cars']]
2023-07-27 20:07:54 INFO  NewAndUsedCarPage :37 - Select Make dropdown[[ChromeDriver: chrome on WINDOWS (7947fb618c82af01f02dd7c2f16a9456)] -> xpath: //select[@id='makes']]
2023-07-27 20:07:714 INFO  NewAndUsedCarPage :43 - Select Model dropdown[[ChromeDriver: chrome on WINDOWS (7947fb618c82af01f02dd7c2f16a9456)] -> xpath: //select[@id='models']]
2023-07-27 20:07:865 INFO  NewAndUsedCarPage :49 - Select location dropdown[[ChromeDriver: chrome on WINDOWS (7947fb618c82af01f02dd7c2f16a9456)] -> xpath: //select[@id='locations']]
2023-07-27 20:07:980 INFO  NewAndUsedCarPage :55 - Select location dropdown[[ChromeDriver: chrome on WINDOWS (7947fb618c82af01f02dd7c2f16a9456)] -> xpath: //select[@id='priceTo']]
2023-07-27 20:07:313 INFO  NewAndUsedCarPage :61 - Click On find My Button[[ChromeDriver: chrome on WINDOWS (7947fb618c82af01f02dd7c2f16a9456)] -> xpath: //input[@id='search-submit']]
2023-07-27 20:07:383 INFO  ResultPage :26 - Verify text result[[ChromeDriver: chrome on WINDOWS (7947fb618c82af01f02dd7c2f16a9456)] -> xpath: //div[@class='makeFilter']//div[@class='mmvs']]
2023-07-27 20:07:841 INFO  HomePage :35 - Mouse hover to Buy and sell[[ChromeDriver: chrome on WINDOWS (8e77a72dd1a01b47ce74bb0fd152aabb)] -> xpath: //a[normalize-space()='buy + sell']]
2023-07-27 20:07:411 INFO  HomePage :41 - click on search car link[[ChromeDriver: chrome on WINDOWS (8e77a72dd1a01b47ce74bb0fd152aabb)] -> xpath: //a[normalize-space()='Search Cars']]
2023-07-27 20:07:51 INFO  NewAndUsedCarPage :37 - Select Make dropdown[[ChromeDriver: chrome on WINDOWS (8e77a72dd1a01b47ce74bb0fd152aabb)] -> xpath: //select[@id='makes']]
2023-07-27 20:07:108 INFO  NewAndUsedCarPage :43 - Select Model dropdown[[ChromeDriver: chrome on WINDOWS (8e77a72dd1a01b47ce74bb0fd152aabb)] -> xpath: //select[@id='models']]
2023-07-27 20:07:266 INFO  NewAndUsedCarPage :49 - Select location dropdown[[ChromeDriver: chrome on WINDOWS (8e77a72dd1a01b47ce74bb0fd152aabb)] -> xpath: //select[@id='locations']]
2023-07-27 20:07:447 INFO  NewAndUsedCarPage :55 - Select location dropdown[[ChromeDriver: chrome on WINDOWS (8e77a72dd1a01b47ce74bb0fd152aabb)] -> xpath: //select[@id='priceTo']]
2023-07-27 20:07:91 INFO  NewAndUsedCarPage :61 - Click On find My Button[[ChromeDriver: chrome on WINDOWS (8e77a72dd1a01b47ce74bb0fd152aabb)] -> xpath: //input[@id='search-submit']]
2023-07-27 20:07:433 INFO  ResultPage :26 - Verify text result[[ChromeDriver: chrome on WINDOWS (8e77a72dd1a01b47ce74bb0fd152aabb)] -> xpath: //div[@class='makeFilter']//div[@class='mmvs']]
